c:\users\nikita gusev\desktop\finder\finder\debug\vc141.pdb
c:\users\nikita gusev\desktop\finder\finder\debug\vc141.idb
c:\users\nikita gusev\desktop\finder\finder\debug\source.obj
c:\users\nikita gusev\desktop\finder\finder\debug\finder.obj
c:\users\nikita gusev\desktop\finder\finder\debug\mytestfinder.obj
c:\users\nikita gusev\desktop\finder\debug\finder.exe
c:\users\nikita gusev\desktop\finder\debug\finder.ilk
c:\users\nikita gusev\desktop\finder\debug\finder.pdb
c:\users\nikita gusev\desktop\finder\finder\debug\finder.tlog\cl.command.1.tlog
c:\users\nikita gusev\desktop\finder\finder\debug\finder.tlog\cl.read.1.tlog
c:\users\nikita gusev\desktop\finder\finder\debug\finder.tlog\cl.write.1.tlog
c:\users\nikita gusev\desktop\finder\finder\debug\finder.tlog\link-cvtres.read.1.tlog
c:\users\nikita gusev\desktop\finder\finder\debug\finder.tlog\link-cvtres.write.1.tlog
c:\users\nikita gusev\desktop\finder\finder\debug\finder.tlog\link-rc.read.1.tlog
c:\users\nikita gusev\desktop\finder\finder\debug\finder.tlog\link-rc.write.1.tlog
c:\users\nikita gusev\desktop\finder\finder\debug\finder.tlog\link.10560-cvtres.read.1.tlog
c:\users\nikita gusev\desktop\finder\finder\debug\finder.tlog\link.10560-cvtres.write.1.tlog
c:\users\nikita gusev\desktop\finder\finder\debug\finder.tlog\link.10560-rc.read.1.tlog
c:\users\nikita gusev\desktop\finder\finder\debug\finder.tlog\link.10560-rc.write.1.tlog
c:\users\nikita gusev\desktop\finder\finder\debug\finder.tlog\link.10560.read.1.tlog
c:\users\nikita gusev\desktop\finder\finder\debug\finder.tlog\link.10560.write.1.tlog
c:\users\nikita gusev\desktop\finder\finder\debug\finder.tlog\link.command.1.tlog
c:\users\nikita gusev\desktop\finder\finder\debug\finder.tlog\link.read.1.tlog
c:\users\nikita gusev\desktop\finder\finder\debug\finder.tlog\link.write.1.tlog
